<?xml version="1.0" encoding="UTF-8"?>
<!-- Generated by org.testng.reporters.JUnitReportReporter -->
<testsuite hostname="DESKTOP-LQ8ET5D" failures="0" tests="1" name="Com.Vedantu.TestCases.TC_SignIn" time="48.881" errors="0" timestamp="2022-12-29T16:41:36 IST" skipped="0">
  <testcase classname="Com.Vedantu.TestCases.TC_SignIn" name="SignInTest" time="48.881"/>
  <system-out/>
</testsuite> <!-- Com.Vedantu.TestCases.TC_SignIn -->
