<?xml version="1.0" encoding="UTF-8"?>
<!-- Generated by org.testng.reporters.JUnitReportReporter -->
<testsuite hostname="DESKTOP-LQ8ET5D" failures="0" tests="1" name="Com.Vedantu.TestCases.TC_SignIn" time="41.050" errors="0" timestamp="2023-01-02T10:48:04 IST" skipped="0">
  <testcase classname="Com.Vedantu.TestCases.TC_SignIn" name="SignInTest" time="41.050"/>
  <system-out/>
</testsuite> <!-- Com.Vedantu.TestCases.TC_SignIn -->
