<?xml version="1.0" encoding="UTF-8"?>
<!-- Generated by org.testng.reporters.JUnitReportReporter -->
<testsuite hostname="DESKTOP-LQ8ET5D" failures="0" tests="1" name="Com.Vedantu.TestCases.TC_SignIn" time="96.302" errors="0" timestamp="2 Jan 2023 08:20:37 GMT">
  <testcase classname="Com.Vedantu.TestCases.TC_SignIn" name="SignInTest" time="96.302"/>
</testsuite> <!-- Com.Vedantu.TestCases.TC_SignIn -->
